<?xml version="1.0" encoding="UTF-8"?>
<testng-results ignored="0" total="6" passed="6" failed="0" skipped="0">
  <reporter-output>
  </reporter-output>
  <suite started-at="2023-05-01T16:41:31 IST" name="testcases" finished-at="2023-05-01T16:41:32 IST" duration-ms="105">
    <groups>
    </groups>
    <test started-at="2023-05-01T16:41:31 IST" name="Users and Products" finished-at="2023-05-01T16:41:32 IST" duration-ms="105">
      <class name="com.sgtesting.products.Products">
        <test-method is-config="true" signature="setup()[pri:0, instance:com.sgtesting.products.Products@696da30b]" started-at="2023-05-01T16:41:31 IST" name="setup" finished-at="2023-05-01T16:41:32 IST" duration-ms="1" status="PASS">
          <reporter-output>
          </reporter-output>
        </test-method> <!-- setup -->
        <test-method signature="createProduct()[pri:0, instance:com.sgtesting.products.Products@696da30b]" started-at="2023-05-01T16:41:32 IST" name="createProduct" finished-at="2023-05-01T16:41:32 IST" duration-ms="3" status="PASS">
          <reporter-output>
          </reporter-output>
        </test-method> <!-- createProduct -->
        <test-method signature="deleteProduct()[pri:0, instance:com.sgtesting.products.Products@696da30b]" started-at="2023-05-01T16:41:32 IST" name="deleteProduct" finished-at="2023-05-01T16:41:32 IST" duration-ms="2" status="PASS">
          <reporter-output>
          </reporter-output>
        </test-method> <!-- deleteProduct -->
        <test-method signature="modifyProduct()[pri:0, instance:com.sgtesting.products.Products@696da30b]" started-at="2023-05-01T16:41:32 IST" name="modifyProduct" finished-at="2023-05-01T16:41:32 IST" duration-ms="4" status="PASS">
          <reporter-output>
          </reporter-output>
        </test-method> <!-- modifyProduct -->
        <test-method is-config="true" signature="tearDown()[pri:0, instance:com.sgtesting.products.Products@696da30b]" started-at="2023-05-01T16:41:32 IST" name="tearDown" finished-at="2023-05-01T16:41:32 IST" duration-ms="2" status="PASS">
          <reporter-output>
          </reporter-output>
        </test-method> <!-- tearDown -->
      </class> <!-- com.sgtesting.products.Products -->
      <class name="com.sgtesting.users.Users">
        <test-method is-config="true" signature="setup()[pri:0, instance:com.sgtesting.users.Users@3738449f]" started-at="2023-05-01T16:41:31 IST" name="setup" finished-at="2023-05-01T16:41:31 IST" duration-ms="9" status="PASS">
          <reporter-output>
          </reporter-output>
        </test-method> <!-- setup -->
        <test-method signature="createUser()[pri:0, instance:com.sgtesting.users.Users@3738449f]" started-at="2023-05-01T16:41:31 IST" name="createUser" finished-at="2023-05-01T16:41:31 IST" duration-ms="8" status="PASS">
          <reporter-output>
          </reporter-output>
        </test-method> <!-- createUser -->
        <test-method signature="deleteUser()[pri:0, instance:com.sgtesting.users.Users@3738449f]" started-at="2023-05-01T16:41:31 IST" name="deleteUser" finished-at="2023-05-01T16:41:31 IST" duration-ms="4" status="PASS">
          <reporter-output>
          </reporter-output>
        </test-method> <!-- deleteUser -->
        <test-method signature="modifyUser()[pri:0, instance:com.sgtesting.users.Users@3738449f]" started-at="2023-05-01T16:41:31 IST" name="modifyUser" finished-at="2023-05-01T16:41:31 IST" duration-ms="2" status="PASS">
          <reporter-output>
          </reporter-output>
        </test-method> <!-- modifyUser -->
        <test-method is-config="true" signature="tearDown()[pri:0, instance:com.sgtesting.users.Users@3738449f]" started-at="2023-05-01T16:41:31 IST" name="tearDown" finished-at="2023-05-01T16:41:31 IST" duration-ms="0" status="PASS">
          <reporter-output>
          </reporter-output>
        </test-method> <!-- tearDown -->
      </class> <!-- com.sgtesting.users.Users -->
    </test> <!-- Users and Products -->
  </suite> <!-- testcases -->
</testng-results>
