<?xml version="1.0" encoding="UTF-8"?>
<!-- Generated by org.testng.reporters.JUnitXMLReporter -->
<testsuite ignored="0" hostname="DESKTOP-R5V5ER9" failures="0" tests="3" name="Default test" time="0.087" errors="0" timestamp="2023-05-01T16:33:40 IST">
  <testcase classname="com.sgtesting.products.Products" name="createProduct" time="0.007"/>
  <testcase classname="com.sgtesting.products.Products" name="deleteProduct" time="0.004"/>
  <testcase classname="com.sgtesting.products.Products" name="modifyProduct" time="0.004"/>
</testsuite> <!-- Default test -->
